<?xml version="1.0" encoding="UTF-8"?>
<testsuite name="com.theelixrlabs.healthcare.controller.PatchDoctorControllerTest" tests="2" skipped="0" failures="0" errors="0" timestamp="2024-08-09T04:44:58" hostname="EXR-IT-06" time="0.099">
  <properties/>
  <testcase name="patchDoctorById_Invalid_UUID_Test()" classname="com.theelixrlabs.healthcare.controller.PatchDoctorControllerTest" time="0.086"/>
  <testcase name="patchDoctorById_Successful_Patch_Test()" classname="com.theelixrlabs.healthcare.controller.PatchDoctorControllerTest" time="0.011"/>
  <system-out><![CDATA[2024-08-09T10:14:57.329+05:30  INFO 19812 --- [HealthCare-POC] [    Test worker] t.c.s.AnnotationConfigContextLoaderUtils : Could not detect default configuration classes for test class [com.theelixrlabs.healthcare.controller.PatchDoctorControllerTest]: PatchDoctorControllerTest does not declare any static, non-private, non-final, nested classes annotated with @Configuration.
2024-08-09T10:14:57.411+05:30  INFO 19812 --- [HealthCare-POC] [    Test worker] .b.t.c.SpringBootTestContextBootstrapper : Found @SpringBootConfiguration com.theelixrlabs.healthcare.HealthCarePocApplication for test class com.theelixrlabs.healthcare.controller.PatchDoctorControllerTest

  .   ____          _            __ _ _
 /\\ / ___'_ __ _ _(_)_ __  __ _ \ \ \ \
( ( )\___ | '_ | '_| | '_ \/ _` | \ \ \ \
 \\/  ___)| |_)| | | | | || (_| |  ) ) ) )
  '  |____| .__|_| |_|_| |_\__, | / / / /
 =========|_|==============|___/=/_/_/_/

 :: Spring Boot ::       (v3.3.1-SNAPSHOT)

2024-08-09T10:14:57.474+05:30  INFO 19812 --- [HealthCare-POC] [    Test worker] c.t.h.c.PatchDoctorControllerTest        : Starting PatchDoctorControllerTest using Java 17.0.10 with PID 19812 (started by sambit.sahu in C:\Users\sambit.sahu\IdeaProjects\HealthCare-POC)
2024-08-09T10:14:57.475+05:30  INFO 19812 --- [HealthCare-POC] [    Test worker] c.t.h.c.PatchDoctorControllerTest        : The following 1 profile is active: "prod"
2024-08-09T10:14:58.255+05:30  INFO 19812 --- [HealthCare-POC] [    Test worker] o.s.b.t.m.w.SpringBootMockServletContext : Initializing Spring TestDispatcherServlet ''
2024-08-09T10:14:58.256+05:30  INFO 19812 --- [HealthCare-POC] [    Test worker] o.s.t.web.servlet.TestDispatcherServlet  : Initializing Servlet ''
2024-08-09T10:14:58.258+05:30  INFO 19812 --- [HealthCare-POC] [    Test worker] o.s.t.web.servlet.TestDispatcherServlet  : Completed initialization in 2 ms
2024-08-09T10:14:58.271+05:30  INFO 19812 --- [HealthCare-POC] [    Test worker] c.t.h.c.PatchDoctorControllerTest        : Started PatchDoctorControllerTest in 0.853 seconds (process running for 14.27)
]]></system-out>
  <system-err><![CDATA[]]></system-err>
</testsuite>
