<?xml version="1.0" encoding="UTF-8"?>
<testsuite name="com.theelixrlabs.healthcare.service.PatchDoctorServiceTest" tests="2" skipped="0" failures="0" errors="0" timestamp="2024-08-09T04:44:58" hostname="EXR-IT-06" time="0.046">
  <properties/>
  <testcase name="patchDoctorById_Doctor_Not_Found_Test()" classname="com.theelixrlabs.healthcare.service.PatchDoctorServiceTest" time="0.037"/>
  <testcase name="patchDoctorById_Successful_Patch_Test()" classname="com.theelixrlabs.healthcare.service.PatchDoctorServiceTest" time="0.008"/>
  <system-out><![CDATA[]]></system-out>
  <system-err><![CDATA[]]></system-err>
</testsuite>
