<?xml version="1.0" encoding="UTF-8"?>
<testsuite name="com.theelixrlabs.healthcare.HealthCarePocApplicationTests" tests="1" skipped="0" failures="0" errors="0" timestamp="2024-08-09T04:44:54" hostname="EXR-IT-06" time="2.017">
  <properties/>
  <testcase name="contextLoads()" classname="com.theelixrlabs.healthcare.HealthCarePocApplicationTests" time="2.017"/>
  <system-out><![CDATA[10:14:47.453 [Test worker] INFO org.springframework.test.context.support.AnnotationConfigContextLoaderUtils -- Could not detect default configuration classes for test class [com.theelixrlabs.healthcare.HealthCarePocApplicationTests]: HealthCarePocApplicationTests does not declare any static, non-private, non-final, nested classes annotated with @Configuration.
10:14:47.644 [Test worker] INFO org.springframework.boot.test.context.SpringBootTestContextBootstrapper -- Found @SpringBootConfiguration com.theelixrlabs.healthcare.HealthCarePocApplication for test class com.theelixrlabs.healthcare.HealthCarePocApplicationTests

  .   ____          _            __ _ _
 /\\ / ___'_ __ _ _(_)_ __  __ _ \ \ \ \
( ( )\___ | '_ | '_| | '_ \/ _` | \ \ \ \
 \\/  ___)| |_)| | | | | || (_| |  ) ) ) )
  '  |____| .__|_| |_|_| |_\__, | / / / /
 =========|_|==============|___/=/_/_/_/

 :: Spring Boot ::       (v3.3.1-SNAPSHOT)

2024-08-09T10:14:48.383+05:30  INFO 19812 --- [HealthCare-POC] [    Test worker] c.t.h.HealthCarePocApplicationTests      : Starting HealthCarePocApplicationTests using Java 17.0.10 with PID 19812 (started by sambit.sahu in C:\Users\sambit.sahu\IdeaProjects\HealthCare-POC)
2024-08-09T10:14:48.385+05:30  INFO 19812 --- [HealthCare-POC] [    Test worker] c.t.h.HealthCarePocApplicationTests      : The following 1 profile is active: "prod"
2024-08-09T10:14:50.654+05:30  INFO 19812 --- [HealthCare-POC] [    Test worker] .s.d.r.c.RepositoryConfigurationDelegate : Bootstrapping Spring Data MongoDB repositories in DEFAULT mode.
2024-08-09T10:14:50.790+05:30  INFO 19812 --- [HealthCare-POC] [    Test worker] .s.d.r.c.RepositoryConfigurationDelegate : Finished Spring Data repository scanning in 127 ms. Found 3 MongoDB repository interfaces.
2024-08-09T10:14:51.897+05:30  INFO 19812 --- [HealthCare-POC] [    Test worker] org.mongodb.driver.client                : MongoClient with metadata {"driver": {"name": "mongo-java-driver|sync|spring-boot", "version": "5.0.1"}, "os": {"type": "Windows", "name": "Windows 11", "architecture": "amd64", "version": "10.0"}, "platform": "Java/Oracle Corporation/17.0.10+11-LTS-240"} created with settings MongoClientSettings{readPreference=primary, writeConcern=WriteConcern{w=null, wTimeout=null ms, journal=null}, retryWrites=true, retryReads=true, readConcern=ReadConcern{level=null}, credential=null, transportSettings=null, commandListeners=[], codecRegistry=ProvidersCodecRegistry{codecProviders=[ValueCodecProvider{}, BsonValueCodecProvider{}, DBRefCodecProvider{}, DBObjectCodecProvider{}, DocumentCodecProvider{}, CollectionCodecProvider{}, IterableCodecProvider{}, MapCodecProvider{}, GeoJsonCodecProvider{}, GridFSFileCodecProvider{}, Jsr310CodecProvider{}, JsonObjectCodecProvider{}, BsonCodecProvider{}, EnumCodecProvider{}, com.mongodb.client.model.mql.ExpressionCodecProvider@1a531422, com.mongodb.Jep395RecordCodecProvider@7a388990, com.mongodb.KotlinCodecProvider@13213f26]}, loggerSettings=LoggerSettings{maxDocumentLength=1000}, clusterSettings={hosts=[localhost:27017], srvServiceName=mongodb, mode=SINGLE, requiredClusterType=UNKNOWN, requiredReplicaSetName='null', serverSelector='null', clusterListeners='[]', serverSelectionTimeout='30000 ms', localThreshold='15 ms'}, socketSettings=SocketSettings{connectTimeoutMS=10000, readTimeoutMS=0, receiveBufferSize=0, proxySettings=ProxySettings{host=null, port=null, username=null, password=null}}, heartbeatSocketSettings=SocketSettings{connectTimeoutMS=10000, readTimeoutMS=10000, receiveBufferSize=0, proxySettings=ProxySettings{host=null, port=null, username=null, password=null}}, connectionPoolSettings=ConnectionPoolSettings{maxSize=100, minSize=0, maxWaitTimeMS=120000, maxConnectionLifeTimeMS=0, maxConnectionIdleTimeMS=0, maintenanceInitialDelayMS=0, maintenanceFrequencyMS=60000, connectionPoolListeners=[], maxConnecting=2}, serverSettings=ServerSettings{heartbeatFrequencyMS=10000, minHeartbeatFrequencyMS=500, serverListeners='[]', serverMonitorListeners='[]'}, sslSettings=SslSettings{enabled=false, invalidHostNameAllowed=false, context=null}, applicationName='null', compressorList=[], uuidRepresentation=STANDARD, serverApi=null, autoEncryptionSettings=null, dnsClient=null, inetAddressResolver=null, contextProvider=null}
2024-08-09T10:14:51.969+05:30  INFO 19812 --- [HealthCare-POC] [localhost:27017] org.mongodb.driver.cluster               : Monitor thread successfully connected to server with description ServerDescription{address=localhost:27017, type=STANDALONE, state=CONNECTED, ok=true, minWireVersion=0, maxWireVersion=21, maxDocumentSize=16777216, logicalSessionTimeoutMinutes=30, roundTripTimeNanos=77464200}
2024-08-09T10:14:54.521+05:30  INFO 19812 --- [HealthCare-POC] [    Test worker] c.t.h.HealthCarePocApplicationTests      : Started HealthCarePocApplicationTests in 6.599 seconds (process running for 10.521)
]]></system-out>
  <system-err><![CDATA[]]></system-err>
</testsuite>
