<?xml version="1.0" encoding="UTF-8"?>
<testsuite name="com.theelixrlabs.healthcare.service.PatientServiceTest" tests="4" skipped="0" failures="0" errors="0" timestamp="2024-08-09T04:44:58" hostname="EXR-IT-06" time="0.137">
  <properties/>
  <testcase name="getPatientById_Success()" classname="com.theelixrlabs.healthcare.service.PatientServiceTest" time="0.114"/>
  <testcase name="getPatientById_Failure()" classname="com.theelixrlabs.healthcare.service.PatientServiceTest" time="0.003"/>
  <testcase name="testDeletePatientById_PatientAssignedToDoctor()" classname="com.theelixrlabs.healthcare.service.PatientServiceTest" time="0.005"/>
  <testcase name="testDeletePatientById_Success()" classname="com.theelixrlabs.healthcare.service.PatientServiceTest" time="0.011"/>
  <system-out><![CDATA[]]></system-out>
  <system-err><![CDATA[]]></system-err>
</testsuite>
